<?xml version="1.0" encoding="UTF-8"?>
<!-- Generated by org.testng.reporters.JUnitXMLReporter -->
<testsuite hostname="DESKTOP-B3EVEU1" ignored="0" name="Test" tests="4" failures="0" timestamp="2020-08-23T02:09:38 IST" time="0.084" errors="0">
  <testcase name="Demo" time="0.01" classname="testNG.First"/>
  <testcase name="Example" time="0.005" classname="testNG.First"/>
  <testcase name="Sample" time="0.003" classname="testNG.First"/>
  <testcase name="Contentment" time="0.003" classname="testNG.Second"/>
</testsuite> <!-- Test -->
