<?xml version="1.0" encoding="UTF-8"?>
<testng-results skipped="0" failed="0" ignored="0" total="4" passed="4">
  <reporter-output>
  </reporter-output>
  <suite name="Suite" duration-ms="84" started-at="2020-08-23T02:09:38 IST" finished-at="2020-08-23T02:09:38 IST">
    <groups>
    </groups>
    <test name="Test" duration-ms="84" started-at="2020-08-23T02:09:38 IST" finished-at="2020-08-23T02:09:38 IST">
      <class name="testNG.Second">
        <test-method status="PASS" signature="Contentment()[pri:0, instance:testNG.Second@3e9b1010]" name="Contentment" duration-ms="3" started-at="2020-08-23T02:09:38 IST" finished-at="2020-08-23T02:09:38 IST">
          <reporter-output>
          </reporter-output>
        </test-method> <!-- Contentment -->
      </class> <!-- testNG.Second -->
      <class name="testNG.First">
        <test-method status="PASS" signature="Demo()[pri:0, instance:testNG.First@18eed359]" name="Demo" duration-ms="10" started-at="2020-08-23T02:09:38 IST" finished-at="2020-08-23T02:09:38 IST">
          <reporter-output>
          </reporter-output>
        </test-method> <!-- Demo -->
        <test-method status="PASS" signature="Example()[pri:0, instance:testNG.First@18eed359]" name="Example" duration-ms="5" started-at="2020-08-23T02:09:38 IST" finished-at="2020-08-23T02:09:38 IST">
          <reporter-output>
          </reporter-output>
        </test-method> <!-- Example -->
        <test-method status="PASS" signature="Sample()[pri:0, instance:testNG.First@18eed359]" name="Sample" duration-ms="3" started-at="2020-08-23T02:09:38 IST" finished-at="2020-08-23T02:09:38 IST">
          <reporter-output>
          </reporter-output>
        </test-method> <!-- Sample -->
      </class> <!-- testNG.First -->
    </test> <!-- Test -->
  </suite> <!-- Suite -->
</testng-results>
